0 info it worked if it ends with ok
1 verbose cli [ '/home/matsuuram/.nvm/versions/node/v0.12.7/bin/node',
1 verbose cli   '/home/matsuuram/.nvm/versions/node/v0.12.7/bin/npm',
1 verbose cli   'publish' ]
2 info using npm@2.11.3
3 info using node@v0.12.7
4 verbose publish [ '.' ]
5 verbose stack Error: Failed to parse json
5 verbose stack Unexpected token '}' at 17:3
5 verbose stack   },
5 verbose stack   ^
5 verbose stack     at parseError (/home/matsuuram/.nvm/versions/node/v0.12.7/lib/node_modules/npm/node_modules/read-package-json/read-json.js:379:11)
5 verbose stack     at parseJson (/home/matsuuram/.nvm/versions/node/v0.12.7/lib/node_modules/npm/node_modules/read-package-json/read-json.js:68:23)
5 verbose stack     at /home/matsuuram/.nvm/versions/node/v0.12.7/lib/node_modules/npm/node_modules/read-package-json/read-json.js:48:5
5 verbose stack     at evalmachine.<anonymous>:334:14
5 verbose stack     at /home/matsuuram/.nvm/versions/node/v0.12.7/lib/node_modules/npm/node_modules/graceful-fs/graceful-fs.js:102:5
5 verbose stack     at FSReqWrap.oncomplete (evalmachine.<anonymous>:95:15)
6 verbose cwd /home/matsuuram/ami-backup
7 error Linux 3.10.0-229.14.1.el7.x86_64
8 error argv "/home/matsuuram/.nvm/versions/node/v0.12.7/bin/node" "/home/matsuuram/.nvm/versions/node/v0.12.7/bin/npm" "publish"
9 error node v0.12.7
10 error npm  v2.11.3
11 error file /home/matsuuram/ami-backup/package.json
12 error code EJSONPARSE
13 error Failed to parse json
13 error Unexpected token '}' at 17:3
13 error   },
13 error   ^
14 error File: /home/matsuuram/ami-backup/package.json
15 error Failed to parse package.json data.
15 error package.json must be actual JSON, not just JavaScript.
15 error
15 error This is not a bug in npm.
15 error Tell the package author to fix their package.json file. JSON.parse
16 verbose exit [ 1, true ]
